nohup: ignoring input

  .   ____          _            __ _ _
 /\\ / ___'_ __ _ _(_)_ __  __ _ \ \ \ \
( ( )\___ | '_ | '_| | '_ \/ _` | \ \ \ \
 \\/  ___)| |_)| | | | | || (_| |  ) ) ) )
  '  |____| .__|_| |_|_| |_\__, | / / / /
 =========|_|==============|___/=/_/_/_/
 :: Spring Boot ::                (v2.7.6)

2023-12-30 18:28:46.718  INFO 12004 --- [           main] c.m.startup.StartupApplication           : Starting StartupApplication v0.0.1-SNAPSHOT using Java 11.0.13 on LAPTOP-KRC3K32F with PID 12004 (D:\Nuvio\marketplace\startup-0.0.1-SNAPSHOT.jar started by Rohit in D:\Nuvio\marketplace)
2023-12-30 18:28:46.738  INFO 12004 --- [           main] c.m.startup.StartupApplication           : No active profile set, falling back to 1 default profile: "default"
2023-12-30 18:28:48.449  INFO 12004 --- [           main] .s.d.r.c.RepositoryConfigurationDelegate : Bootstrapping Spring Data JPA repositories in DEFAULT mode.
2023-12-30 18:28:48.626  INFO 12004 --- [           main] .s.d.r.c.RepositoryConfigurationDelegate : Finished Spring Data repository scanning in 151 ms. Found 1 JPA repository interfaces.
2023-12-30 18:28:50.482  INFO 12004 --- [           main] o.hibernate.jpa.internal.util.LogHelper  : HHH000204: Processing PersistenceUnitInfo [name: default]
2023-12-30 18:28:50.742  INFO 12004 --- [           main] org.hibernate.Version                    : HHH000412: Hibernate ORM core version 5.6.14.Final
2023-12-30 18:28:51.479  INFO 12004 --- [           main] o.hibernate.annotations.common.Version   : HCANN000001: Hibernate Commons Annotations {5.1.2.Final}
2023-12-30 18:28:53.760  INFO 12004 --- [           main] com.zaxxer.hikari.HikariDataSource       : HikariPool-1 - Starting...
2023-12-30 18:28:54.646  INFO 12004 --- [           main] com.zaxxer.hikari.HikariDataSource       : HikariPool-1 - Start completed.
2023-12-30 18:28:54.718  INFO 12004 --- [           main] org.hibernate.dialect.Dialect            : HHH000400: Using dialect: org.hibernate.dialect.MySQL8Dialect
2023-12-30 18:28:57.321  INFO 12004 --- [           main] o.h.e.t.j.p.i.JtaPlatformInitiator       : HHH000490: Using JtaPlatform implementation: [org.hibernate.engine.transaction.jta.platform.internal.NoJtaPlatform]
2023-12-30 18:28:57.354  INFO 12004 --- [           main] j.LocalContainerEntityManagerFactoryBean : Initialized JPA EntityManagerFactory for persistence unit 'default'
2023-12-30 18:28:59.024  INFO 12004 --- [           main] c.m.startup.StartupApplication           : Started StartupApplication in 13.827 seconds (JVM running for 14.889)
Loading... 16% |Loading... 33% /Loading... 50% -Loading... 66% \Loading... 83% |Loading... 100% /
Startup Done!
2023-12-30 18:29:08.393  INFO 12004 --- [ionShutdownHook] j.LocalContainerEntityManagerFactoryBean : Closing JPA EntityManagerFactory for persistence unit 'default'
2023-12-30 18:29:08.396  INFO 12004 --- [ionShutdownHook] com.zaxxer.hikari.HikariDataSource       : HikariPool-1 - Shutdown initiated...
2023-12-30 18:29:08.415  INFO 12004 --- [ionShutdownHook] com.zaxxer.hikari.HikariDataSource       : HikariPool-1 - Shutdown completed.
